<?xml version="1.0" encoding="UTF-8"?>
<testsuite xmlns:xsi="http://www.w3.org/2001/XMLSchema-instance" xsi:noNamespaceSchemaLocation="https://maven.apache.org/surefire/maven-surefire-plugin/xsd/surefire-test-report-3.0.xsd" version="3.0" name="com.example.app.RunCucumberTest" time="11.944" tests="4" errors="0" skipped="0" failures="0">
  <properties>
    <property name="java.specification.version" value="23"/>
    <property name="sun.jnu.encoding" value="UTF-8"/>
    <property name="java.class.path" value="/Users/ilham.fauzi/Documents/Automation/selenium-cucumber-framework/target/test-classes:/Users/ilham.fauzi/Documents/Automation/selenium-cucumber-framework/target/classes:/Users/ilham.fauzi/.m2/repository/org/seleniumhq/selenium/selenium-java/4.29.0/selenium-java-4.29.0.jar:/Users/ilham.fauzi/.m2/repository/org/seleniumhq/selenium/selenium-api/4.29.0/selenium-api-4.29.0.jar:/Users/ilham.fauzi/.m2/repository/org/jspecify/jspecify/1.0.0/jspecify-1.0.0.jar:/Users/ilham.fauzi/.m2/repository/org/seleniumhq/selenium/selenium-chrome-driver/4.29.0/selenium-chrome-driver-4.29.0.jar:/Users/ilham.fauzi/.m2/repository/com/google/auto/service/auto-service-annotations/1.1.1/auto-service-annotations-1.1.1.jar:/Users/ilham.fauzi/.m2/repository/org/seleniumhq/selenium/selenium-chromium-driver/4.29.0/selenium-chromium-driver-4.29.0.jar:/Users/ilham.fauzi/.m2/repository/org/seleniumhq/selenium/selenium-json/4.29.0/selenium-json-4.29.0.jar:/Users/ilham.fauzi/.m2/repository/org/seleniumhq/selenium/selenium-manager/4.29.0/selenium-manager-4.29.0.jar:/Users/ilham.fauzi/.m2/repository/org/seleniumhq/selenium/selenium-devtools-v131/4.29.0/selenium-devtools-v131-4.29.0.jar:/Users/ilham.fauzi/.m2/repository/org/seleniumhq/selenium/selenium-devtools-v132/4.29.0/selenium-devtools-v132-4.29.0.jar:/Users/ilham.fauzi/.m2/repository/org/seleniumhq/selenium/selenium-devtools-v133/4.29.0/selenium-devtools-v133-4.29.0.jar:/Users/ilham.fauzi/.m2/repository/org/seleniumhq/selenium/selenium-devtools-v85/4.29.0/selenium-devtools-v85-4.29.0.jar:/Users/ilham.fauzi/.m2/repository/org/seleniumhq/selenium/selenium-edge-driver/4.29.0/selenium-edge-driver-4.29.0.jar:/Users/ilham.fauzi/.m2/repository/org/seleniumhq/selenium/selenium-firefox-driver/4.29.0/selenium-firefox-driver-4.29.0.jar:/Users/ilham.fauzi/.m2/repository/org/seleniumhq/selenium/selenium-http/4.29.0/selenium-http-4.29.0.jar:/Users/ilham.fauzi/.m2/repository/org/seleniumhq/selenium/selenium-ie-driver/4.29.0/selenium-ie-driver-4.29.0.jar:/Users/ilham.fauzi/.m2/repository/org/seleniumhq/selenium/selenium-remote-driver/4.29.0/selenium-remote-driver-4.29.0.jar:/Users/ilham.fauzi/.m2/repository/com/google/guava/guava/33.4.0-jre/guava-33.4.0-jre.jar:/Users/ilham.fauzi/.m2/repository/com/google/guava/failureaccess/1.0.2/failureaccess-1.0.2.jar:/Users/ilham.fauzi/.m2/repository/com/google/guava/listenablefuture/9999.0-empty-to-avoid-conflict-with-guava/listenablefuture-9999.0-empty-to-avoid-conflict-with-guava.jar:/Users/ilham.fauzi/.m2/repository/com/google/code/findbugs/jsr305/3.0.2/jsr305-3.0.2.jar:/Users/ilham.fauzi/.m2/repository/org/checkerframework/checker-qual/3.43.0/checker-qual-3.43.0.jar:/Users/ilham.fauzi/.m2/repository/com/google/errorprone/error_prone_annotations/2.36.0/error_prone_annotations-2.36.0.jar:/Users/ilham.fauzi/.m2/repository/com/google/j2objc/j2objc-annotations/3.0.0/j2objc-annotations-3.0.0.jar:/Users/ilham.fauzi/.m2/repository/io/opentelemetry/semconv/opentelemetry-semconv/1.28.0-alpha/opentelemetry-semconv-1.28.0-alpha.jar:/Users/ilham.fauzi/.m2/repository/io/opentelemetry/opentelemetry-api/1.46.0/opentelemetry-api-1.46.0.jar:/Users/ilham.fauzi/.m2/repository/io/opentelemetry/opentelemetry-context/1.46.0/opentelemetry-context-1.46.0.jar:/Users/ilham.fauzi/.m2/repository/io/opentelemetry/opentelemetry-exporter-logging/1.46.0/opentelemetry-exporter-logging-1.46.0.jar:/Users/ilham.fauzi/.m2/repository/io/opentelemetry/opentelemetry-sdk-common/1.46.0/opentelemetry-sdk-common-1.46.0.jar:/Users/ilham.fauzi/.m2/repository/io/opentelemetry/opentelemetry-sdk-extension-autoconfigure-spi/1.46.0/opentelemetry-sdk-extension-autoconfigure-spi-1.46.0.jar:/Users/ilham.fauzi/.m2/repository/io/opentelemetry/opentelemetry-sdk-extension-autoconfigure/1.46.0/opentelemetry-sdk-extension-autoconfigure-1.46.0.jar:/Users/ilham.fauzi/.m2/repository/io/opentelemetry/opentelemetry-api-incubator/1.46.0-alpha/opentelemetry-api-incubator-1.46.0-alpha.jar:/Users/ilham.fauzi/.m2/repository/io/opentelemetry/opentelemetry-sdk-trace/1.46.0/opentelemetry-sdk-trace-1.46.0.jar:/Users/ilham.fauzi/.m2/repository/io/opentelemetry/opentelemetry-sdk/1.46.0/opentelemetry-sdk-1.46.0.jar:/Users/ilham.fauzi/.m2/repository/io/opentelemetry/opentelemetry-sdk-metrics/1.46.0/opentelemetry-sdk-metrics-1.46.0.jar:/Users/ilham.fauzi/.m2/repository/io/opentelemetry/opentelemetry-sdk-logs/1.46.0/opentelemetry-sdk-logs-1.46.0.jar:/Users/ilham.fauzi/.m2/repository/net/bytebuddy/byte-buddy/1.15.11/byte-buddy-1.15.11.jar:/Users/ilham.fauzi/.m2/repository/org/seleniumhq/selenium/selenium-os/4.29.0/selenium-os-4.29.0.jar:/Users/ilham.fauzi/.m2/repository/org/apache/commons/commons-exec/1.4.0/commons-exec-1.4.0.jar:/Users/ilham.fauzi/.m2/repository/org/seleniumhq/selenium/selenium-safari-driver/4.29.0/selenium-safari-driver-4.29.0.jar:/Users/ilham.fauzi/.m2/repository/org/seleniumhq/selenium/selenium-support/4.29.0/selenium-support-4.29.0.jar:/Users/ilham.fauzi/.m2/repository/io/cucumber/cucumber-java/7.21.0/cucumber-java-7.21.0.jar:/Users/ilham.fauzi/.m2/repository/io/cucumber/cucumber-core/7.21.0/cucumber-core-7.21.0.jar:/Users/ilham.fauzi/.m2/repository/io/cucumber/cucumber-gherkin/7.21.0/cucumber-gherkin-7.21.0.jar:/Users/ilham.fauzi/.m2/repository/io/cucumber/cucumber-gherkin-messages/7.21.0/cucumber-gherkin-messages-7.21.0.jar:/Users/ilham.fauzi/.m2/repository/io/cucumber/gherkin/31.0.0/gherkin-31.0.0.jar:/Users/ilham.fauzi/.m2/repository/io/cucumber/messages/27.2.0/messages-27.2.0.jar:/Users/ilham.fauzi/.m2/repository/io/cucumber/testng-xml-formatter/0.3.1/testng-xml-formatter-0.3.1.jar:/Users/ilham.fauzi/.m2/repository/io/cucumber/query/13.2.0/query-13.2.0.jar:/Users/ilham.fauzi/.m2/repository/io/cucumber/tag-expressions/6.1.2/tag-expressions-6.1.2.jar:/Users/ilham.fauzi/.m2/repository/io/cucumber/cucumber-expressions/18.0.1/cucumber-expressions-18.0.1.jar:/Users/ilham.fauzi/.m2/repository/io/cucumber/datatable/7.21.0/datatable-7.21.0.jar:/Users/ilham.fauzi/.m2/repository/io/cucumber/cucumber-plugin/7.21.0/cucumber-plugin-7.21.0.jar:/Users/ilham.fauzi/.m2/repository/io/cucumber/docstring/7.21.0/docstring-7.21.0.jar:/Users/ilham.fauzi/.m2/repository/io/cucumber/html-formatter/21.9.0/html-formatter-21.9.0.jar:/Users/ilham.fauzi/.m2/repository/io/cucumber/junit-xml-formatter/0.7.1/junit-xml-formatter-0.7.1.jar:/Users/ilham.fauzi/.m2/repository/io/cucumber/ci-environment/10.0.1/ci-environment-10.0.1.jar:/Users/ilham.fauzi/.m2/repository/org/apiguardian/apiguardian-api/1.1.2/apiguardian-api-1.1.2.jar:/Users/ilham.fauzi/.m2/repository/io/cucumber/cucumber-junit/7.21.0/cucumber-junit-7.21.0.jar:/Users/ilham.fauzi/.m2/repository/junit/junit/4.13.2/junit-4.13.2.jar:/Users/ilham.fauzi/.m2/repository/org/hamcrest/hamcrest-core/1.3/hamcrest-core-1.3.jar:/Users/ilham.fauzi/.m2/repository/org/json/json/20240303/json-20240303.jar:/Users/ilham.fauzi/.m2/repository/org/yaml/snakeyaml/2.2/snakeyaml-2.2.jar:/Users/ilham.fauzi/.m2/repository/com/aventstack/extentreports/5.0.9/extentreports-5.0.9.jar:/Users/ilham.fauzi/.m2/repository/io/reactivex/rxjava3/rxjava/3.0.4/rxjava-3.0.4.jar:/Users/ilham.fauzi/.m2/repository/org/reactivestreams/reactive-streams/1.0.3/reactive-streams-1.0.3.jar:/Users/ilham.fauzi/.m2/repository/org/freemarker/freemarker/2.3.30/freemarker-2.3.30.jar:/Users/ilham.fauzi/.m2/repository/org/projectlombok/lombok/1.18.12/lombok-1.18.12.jar:/Users/ilham.fauzi/.m2/repository/com/google/code/gson/gson/2.8.6/gson-2.8.6.jar:/Users/ilham.fauzi/.m2/repository/io/github/bonigarcia/webdrivermanager/5.7.0/webdrivermanager-5.7.0.jar:/Users/ilham.fauzi/.m2/repository/org/slf4j/slf4j-api/2.0.12/slf4j-api-2.0.12.jar:/Users/ilham.fauzi/.m2/repository/com/github/docker-java/docker-java/3.3.5/docker-java-3.3.5.jar:/Users/ilham.fauzi/.m2/repository/com/github/docker-java/docker-java-core/3.3.5/docker-java-core-3.3.5.jar:/Users/ilham.fauzi/.m2/repository/com/github/docker-java/docker-java-api/3.3.5/docker-java-api-3.3.5.jar:/Users/ilham.fauzi/.m2/repository/com/fasterxml/jackson/core/jackson-annotations/2.10.3/jackson-annotations-2.10.3.jar:/Users/ilham.fauzi/.m2/repository/com/fasterxml/jackson/core/jackson-databind/2.10.3/jackson-databind-2.10.3.jar:/Users/ilham.fauzi/.m2/repository/com/fasterxml/jackson/core/jackson-core/2.10.3/jackson-core-2.10.3.jar:/Users/ilham.fauzi/.m2/repository/org/bouncycastle/bcpkix-jdk18on/1.76/bcpkix-jdk18on-1.76.jar:/Users/ilham.fauzi/.m2/repository/org/bouncycastle/bcprov-jdk18on/1.76/bcprov-jdk18on-1.76.jar:/Users/ilham.fauzi/.m2/repository/org/bouncycastle/bcutil-jdk18on/1.76/bcutil-jdk18on-1.76.jar:/Users/ilham.fauzi/.m2/repository/org/slf4j/jcl-over-slf4j/1.7.30/jcl-over-slf4j-1.7.30.jar:/Users/ilham.fauzi/.m2/repository/com/github/docker-java/docker-java-transport-httpclient5/3.3.5/docker-java-transport-httpclient5-3.3.5.jar:/Users/ilham.fauzi/.m2/repository/com/github/docker-java/docker-java-transport/3.3.5/docker-java-transport-3.3.5.jar:/Users/ilham.fauzi/.m2/repository/net/java/dev/jna/jna/5.13.0/jna-5.13.0.jar:/Users/ilham.fauzi/.m2/repository/org/brotli/dec/0.1.2/dec-0.1.2.jar:/Users/ilham.fauzi/.m2/repository/org/apache/commons/commons-lang3/3.14.0/commons-lang3-3.14.0.jar:/Users/ilham.fauzi/.m2/repository/org/apache/commons/commons-compress/1.26.0/commons-compress-1.26.0.jar:/Users/ilham.fauzi/.m2/repository/commons-io/commons-io/2.15.1/commons-io-2.15.1.jar:/Users/ilham.fauzi/.m2/repository/org/apache/httpcomponents/client5/httpclient5/5.2.1/httpclient5-5.2.1.jar:/Users/ilham.fauzi/.m2/repository/org/apache/httpcomponents/core5/httpcore5/5.2/httpcore5-5.2.jar:/Users/ilham.fauzi/.m2/repository/org/apache/httpcomponents/core5/httpcore5-h2/5.2/httpcore5-h2-5.2.jar:"/>
    <property name="java.vm.vendor" value="Homebrew"/>
    <property name="sun.arch.data.model" value="64"/>
    <property name="java.vendor.url" value="https://github.com/Homebrew/homebrew-core/issues"/>
    <property name="os.name" value="Mac OS X"/>
    <property name="java.vm.specification.version" value="23"/>
    <property name="sun.java.launcher" value="SUN_STANDARD"/>
    <property name="user.country" value="ID"/>
    <property name="sun.boot.library.path" value="/opt/homebrew/Cellar/openjdk/23.0.2/libexec/openjdk.jdk/Contents/Home/lib"/>
    <property name="sun.java.command" value="/Users/ilham.fauzi/Documents/Automation/selenium-cucumber-framework/target/surefire/surefirebooter-20250308003312768_3.jar /Users/ilham.fauzi/Documents/Automation/selenium-cucumber-framework/target/surefire 2025-03-08T00-33-12_735-jvmRun1 surefire-20250308003312768_1tmp surefire_0-20250308003312768_2tmp"/>
    <property name="http.nonProxyHosts" value="local|*.local|169.254/16|*.169.254/16"/>
    <property name="jdk.debug" value="release"/>
    <property name="surefire.test.class.path" value="/Users/ilham.fauzi/Documents/Automation/selenium-cucumber-framework/target/test-classes:/Users/ilham.fauzi/Documents/Automation/selenium-cucumber-framework/target/classes:/Users/ilham.fauzi/.m2/repository/org/seleniumhq/selenium/selenium-java/4.29.0/selenium-java-4.29.0.jar:/Users/ilham.fauzi/.m2/repository/org/seleniumhq/selenium/selenium-api/4.29.0/selenium-api-4.29.0.jar:/Users/ilham.fauzi/.m2/repository/org/jspecify/jspecify/1.0.0/jspecify-1.0.0.jar:/Users/ilham.fauzi/.m2/repository/org/seleniumhq/selenium/selenium-chrome-driver/4.29.0/selenium-chrome-driver-4.29.0.jar:/Users/ilham.fauzi/.m2/repository/com/google/auto/service/auto-service-annotations/1.1.1/auto-service-annotations-1.1.1.jar:/Users/ilham.fauzi/.m2/repository/org/seleniumhq/selenium/selenium-chromium-driver/4.29.0/selenium-chromium-driver-4.29.0.jar:/Users/ilham.fauzi/.m2/repository/org/seleniumhq/selenium/selenium-json/4.29.0/selenium-json-4.29.0.jar:/Users/ilham.fauzi/.m2/repository/org/seleniumhq/selenium/selenium-manager/4.29.0/selenium-manager-4.29.0.jar:/Users/ilham.fauzi/.m2/repository/org/seleniumhq/selenium/selenium-devtools-v131/4.29.0/selenium-devtools-v131-4.29.0.jar:/Users/ilham.fauzi/.m2/repository/org/seleniumhq/selenium/selenium-devtools-v132/4.29.0/selenium-devtools-v132-4.29.0.jar:/Users/ilham.fauzi/.m2/repository/org/seleniumhq/selenium/selenium-devtools-v133/4.29.0/selenium-devtools-v133-4.29.0.jar:/Users/ilham.fauzi/.m2/repository/org/seleniumhq/selenium/selenium-devtools-v85/4.29.0/selenium-devtools-v85-4.29.0.jar:/Users/ilham.fauzi/.m2/repository/org/seleniumhq/selenium/selenium-edge-driver/4.29.0/selenium-edge-driver-4.29.0.jar:/Users/ilham.fauzi/.m2/repository/org/seleniumhq/selenium/selenium-firefox-driver/4.29.0/selenium-firefox-driver-4.29.0.jar:/Users/ilham.fauzi/.m2/repository/org/seleniumhq/selenium/selenium-http/4.29.0/selenium-http-4.29.0.jar:/Users/ilham.fauzi/.m2/repository/org/seleniumhq/selenium/selenium-ie-driver/4.29.0/selenium-ie-driver-4.29.0.jar:/Users/ilham.fauzi/.m2/repository/org/seleniumhq/selenium/selenium-remote-driver/4.29.0/selenium-remote-driver-4.29.0.jar:/Users/ilham.fauzi/.m2/repository/com/google/guava/guava/33.4.0-jre/guava-33.4.0-jre.jar:/Users/ilham.fauzi/.m2/repository/com/google/guava/failureaccess/1.0.2/failureaccess-1.0.2.jar:/Users/ilham.fauzi/.m2/repository/com/google/guava/listenablefuture/9999.0-empty-to-avoid-conflict-with-guava/listenablefuture-9999.0-empty-to-avoid-conflict-with-guava.jar:/Users/ilham.fauzi/.m2/repository/com/google/code/findbugs/jsr305/3.0.2/jsr305-3.0.2.jar:/Users/ilham.fauzi/.m2/repository/org/checkerframework/checker-qual/3.43.0/checker-qual-3.43.0.jar:/Users/ilham.fauzi/.m2/repository/com/google/errorprone/error_prone_annotations/2.36.0/error_prone_annotations-2.36.0.jar:/Users/ilham.fauzi/.m2/repository/com/google/j2objc/j2objc-annotations/3.0.0/j2objc-annotations-3.0.0.jar:/Users/ilham.fauzi/.m2/repository/io/opentelemetry/semconv/opentelemetry-semconv/1.28.0-alpha/opentelemetry-semconv-1.28.0-alpha.jar:/Users/ilham.fauzi/.m2/repository/io/opentelemetry/opentelemetry-api/1.46.0/opentelemetry-api-1.46.0.jar:/Users/ilham.fauzi/.m2/repository/io/opentelemetry/opentelemetry-context/1.46.0/opentelemetry-context-1.46.0.jar:/Users/ilham.fauzi/.m2/repository/io/opentelemetry/opentelemetry-exporter-logging/1.46.0/opentelemetry-exporter-logging-1.46.0.jar:/Users/ilham.fauzi/.m2/repository/io/opentelemetry/opentelemetry-sdk-common/1.46.0/opentelemetry-sdk-common-1.46.0.jar:/Users/ilham.fauzi/.m2/repository/io/opentelemetry/opentelemetry-sdk-extension-autoconfigure-spi/1.46.0/opentelemetry-sdk-extension-autoconfigure-spi-1.46.0.jar:/Users/ilham.fauzi/.m2/repository/io/opentelemetry/opentelemetry-sdk-extension-autoconfigure/1.46.0/opentelemetry-sdk-extension-autoconfigure-1.46.0.jar:/Users/ilham.fauzi/.m2/repository/io/opentelemetry/opentelemetry-api-incubator/1.46.0-alpha/opentelemetry-api-incubator-1.46.0-alpha.jar:/Users/ilham.fauzi/.m2/repository/io/opentelemetry/opentelemetry-sdk-trace/1.46.0/opentelemetry-sdk-trace-1.46.0.jar:/Users/ilham.fauzi/.m2/repository/io/opentelemetry/opentelemetry-sdk/1.46.0/opentelemetry-sdk-1.46.0.jar:/Users/ilham.fauzi/.m2/repository/io/opentelemetry/opentelemetry-sdk-metrics/1.46.0/opentelemetry-sdk-metrics-1.46.0.jar:/Users/ilham.fauzi/.m2/repository/io/opentelemetry/opentelemetry-sdk-logs/1.46.0/opentelemetry-sdk-logs-1.46.0.jar:/Users/ilham.fauzi/.m2/repository/net/bytebuddy/byte-buddy/1.15.11/byte-buddy-1.15.11.jar:/Users/ilham.fauzi/.m2/repository/org/seleniumhq/selenium/selenium-os/4.29.0/selenium-os-4.29.0.jar:/Users/ilham.fauzi/.m2/repository/org/apache/commons/commons-exec/1.4.0/commons-exec-1.4.0.jar:/Users/ilham.fauzi/.m2/repository/org/seleniumhq/selenium/selenium-safari-driver/4.29.0/selenium-safari-driver-4.29.0.jar:/Users/ilham.fauzi/.m2/repository/org/seleniumhq/selenium/selenium-support/4.29.0/selenium-support-4.29.0.jar:/Users/ilham.fauzi/.m2/repository/io/cucumber/cucumber-java/7.21.0/cucumber-java-7.21.0.jar:/Users/ilham.fauzi/.m2/repository/io/cucumber/cucumber-core/7.21.0/cucumber-core-7.21.0.jar:/Users/ilham.fauzi/.m2/repository/io/cucumber/cucumber-gherkin/7.21.0/cucumber-gherkin-7.21.0.jar:/Users/ilham.fauzi/.m2/repository/io/cucumber/cucumber-gherkin-messages/7.21.0/cucumber-gherkin-messages-7.21.0.jar:/Users/ilham.fauzi/.m2/repository/io/cucumber/gherkin/31.0.0/gherkin-31.0.0.jar:/Users/ilham.fauzi/.m2/repository/io/cucumber/messages/27.2.0/messages-27.2.0.jar:/Users/ilham.fauzi/.m2/repository/io/cucumber/testng-xml-formatter/0.3.1/testng-xml-formatter-0.3.1.jar:/Users/ilham.fauzi/.m2/repository/io/cucumber/query/13.2.0/query-13.2.0.jar:/Users/ilham.fauzi/.m2/repository/io/cucumber/tag-expressions/6.1.2/tag-expressions-6.1.2.jar:/Users/ilham.fauzi/.m2/repository/io/cucumber/cucumber-expressions/18.0.1/cucumber-expressions-18.0.1.jar:/Users/ilham.fauzi/.m2/repository/io/cucumber/datatable/7.21.0/datatable-7.21.0.jar:/Users/ilham.fauzi/.m2/repository/io/cucumber/cucumber-plugin/7.21.0/cucumber-plugin-7.21.0.jar:/Users/ilham.fauzi/.m2/repository/io/cucumber/docstring/7.21.0/docstring-7.21.0.jar:/Users/ilham.fauzi/.m2/repository/io/cucumber/html-formatter/21.9.0/html-formatter-21.9.0.jar:/Users/ilham.fauzi/.m2/repository/io/cucumber/junit-xml-formatter/0.7.1/junit-xml-formatter-0.7.1.jar:/Users/ilham.fauzi/.m2/repository/io/cucumber/ci-environment/10.0.1/ci-environment-10.0.1.jar:/Users/ilham.fauzi/.m2/repository/org/apiguardian/apiguardian-api/1.1.2/apiguardian-api-1.1.2.jar:/Users/ilham.fauzi/.m2/repository/io/cucumber/cucumber-junit/7.21.0/cucumber-junit-7.21.0.jar:/Users/ilham.fauzi/.m2/repository/junit/junit/4.13.2/junit-4.13.2.jar:/Users/ilham.fauzi/.m2/repository/org/hamcrest/hamcrest-core/1.3/hamcrest-core-1.3.jar:/Users/ilham.fauzi/.m2/repository/org/json/json/20240303/json-20240303.jar:/Users/ilham.fauzi/.m2/repository/org/yaml/snakeyaml/2.2/snakeyaml-2.2.jar:/Users/ilham.fauzi/.m2/repository/com/aventstack/extentreports/5.0.9/extentreports-5.0.9.jar:/Users/ilham.fauzi/.m2/repository/io/reactivex/rxjava3/rxjava/3.0.4/rxjava-3.0.4.jar:/Users/ilham.fauzi/.m2/repository/org/reactivestreams/reactive-streams/1.0.3/reactive-streams-1.0.3.jar:/Users/ilham.fauzi/.m2/repository/org/freemarker/freemarker/2.3.30/freemarker-2.3.30.jar:/Users/ilham.fauzi/.m2/repository/org/projectlombok/lombok/1.18.12/lombok-1.18.12.jar:/Users/ilham.fauzi/.m2/repository/com/google/code/gson/gson/2.8.6/gson-2.8.6.jar:/Users/ilham.fauzi/.m2/repository/io/github/bonigarcia/webdrivermanager/5.7.0/webdrivermanager-5.7.0.jar:/Users/ilham.fauzi/.m2/repository/org/slf4j/slf4j-api/2.0.12/slf4j-api-2.0.12.jar:/Users/ilham.fauzi/.m2/repository/com/github/docker-java/docker-java/3.3.5/docker-java-3.3.5.jar:/Users/ilham.fauzi/.m2/repository/com/github/docker-java/docker-java-core/3.3.5/docker-java-core-3.3.5.jar:/Users/ilham.fauzi/.m2/repository/com/github/docker-java/docker-java-api/3.3.5/docker-java-api-3.3.5.jar:/Users/ilham.fauzi/.m2/repository/com/fasterxml/jackson/core/jackson-annotations/2.10.3/jackson-annotations-2.10.3.jar:/Users/ilham.fauzi/.m2/repository/com/fasterxml/jackson/core/jackson-databind/2.10.3/jackson-databind-2.10.3.jar:/Users/ilham.fauzi/.m2/repository/com/fasterxml/jackson/core/jackson-core/2.10.3/jackson-core-2.10.3.jar:/Users/ilham.fauzi/.m2/repository/org/bouncycastle/bcpkix-jdk18on/1.76/bcpkix-jdk18on-1.76.jar:/Users/ilham.fauzi/.m2/repository/org/bouncycastle/bcprov-jdk18on/1.76/bcprov-jdk18on-1.76.jar:/Users/ilham.fauzi/.m2/repository/org/bouncycastle/bcutil-jdk18on/1.76/bcutil-jdk18on-1.76.jar:/Users/ilham.fauzi/.m2/repository/org/slf4j/jcl-over-slf4j/1.7.30/jcl-over-slf4j-1.7.30.jar:/Users/ilham.fauzi/.m2/repository/com/github/docker-java/docker-java-transport-httpclient5/3.3.5/docker-java-transport-httpclient5-3.3.5.jar:/Users/ilham.fauzi/.m2/repository/com/github/docker-java/docker-java-transport/3.3.5/docker-java-transport-3.3.5.jar:/Users/ilham.fauzi/.m2/repository/net/java/dev/jna/jna/5.13.0/jna-5.13.0.jar:/Users/ilham.fauzi/.m2/repository/org/brotli/dec/0.1.2/dec-0.1.2.jar:/Users/ilham.fauzi/.m2/repository/org/apache/commons/commons-lang3/3.14.0/commons-lang3-3.14.0.jar:/Users/ilham.fauzi/.m2/repository/org/apache/commons/commons-compress/1.26.0/commons-compress-1.26.0.jar:/Users/ilham.fauzi/.m2/repository/commons-io/commons-io/2.15.1/commons-io-2.15.1.jar:/Users/ilham.fauzi/.m2/repository/org/apache/httpcomponents/client5/httpclient5/5.2.1/httpclient5-5.2.1.jar:/Users/ilham.fauzi/.m2/repository/org/apache/httpcomponents/core5/httpcore5/5.2/httpcore5-5.2.jar:/Users/ilham.fauzi/.m2/repository/org/apache/httpcomponents/core5/httpcore5-h2/5.2/httpcore5-h2-5.2.jar:"/>
    <property name="sun.cpu.endian" value="little"/>
    <property name="user.home" value="/Users/ilham.fauzi"/>
    <property name="user.language" value="en"/>
    <property name="java.specification.vendor" value="Oracle Corporation"/>
    <property name="java.version.date" value="2025-01-21"/>
    <property name="java.home" value="/opt/homebrew/Cellar/openjdk/23.0.2/libexec/openjdk.jdk/Contents/Home"/>
    <property name="file.separator" value="/"/>
    <property name="basedir" value="/Users/ilham.fauzi/Documents/Automation/selenium-cucumber-framework"/>
    <property name="java.vm.compressedOopsMode" value="Zero based"/>
    <property name="line.separator" value="&#10;"/>
    <property name="java.vm.specification.vendor" value="Oracle Corporation"/>
    <property name="java.specification.name" value="Java Platform API Specification"/>
    <property name="apple.awt.application.name" value="ForkedBooter"/>
    <property name="surefire.real.class.path" value="/Users/ilham.fauzi/Documents/Automation/selenium-cucumber-framework/target/surefire/surefirebooter-20250308003312768_3.jar"/>
    <property name="sun.management.compiler" value="HotSpot 64-Bit Tiered Compilers"/>
    <property name="ftp.nonProxyHosts" value="local|*.local|169.254/16|*.169.254/16"/>
    <property name="java.runtime.version" value="23.0.2"/>
    <property name="user.name" value="ilham.fauzi"/>
    <property name="stdout.encoding" value="UTF-8"/>
    <property name="path.separator" value=":"/>
    <property name="os.version" value="15.2"/>
    <property name="java.runtime.name" value="OpenJDK Runtime Environment"/>
    <property name="file.encoding" value="UTF-8"/>
    <property name="java.vm.name" value="OpenJDK 64-Bit Server VM"/>
    <property name="java.vendor.version" value="Homebrew"/>
    <property name="localRepository" value="/Users/ilham.fauzi/.m2/repository"/>
    <property name="java.vendor.url.bug" value="https://github.com/Homebrew/homebrew-core/issues"/>
    <property name="java.io.tmpdir" value="/var/folders/w7/4c7ykgj170q2qjfdrkgwt42w0000gp/T/"/>
    <property name="java.version" value="23.0.2"/>
    <property name="user.dir" value="/Users/ilham.fauzi/Documents/Automation/selenium-cucumber-framework"/>
    <property name="os.arch" value="aarch64"/>
    <property name="java.vm.specification.name" value="Java Virtual Machine Specification"/>
    <property name="native.encoding" value="UTF-8"/>
    <property name="java.library.path" value="/Users/ilham.fauzi/Library/Java/Extensions:/Library/Java/Extensions:/Network/Library/Java/Extensions:/System/Library/Java/Extensions:/usr/lib/java:."/>
    <property name="java.vm.info" value="mixed mode, sharing"/>
    <property name="stderr.encoding" value="UTF-8"/>
    <property name="java.vendor" value="Homebrew"/>
    <property name="java.vm.version" value="23.0.2"/>
    <property name="sun.io.unicode.encoding" value="UnicodeBig"/>
    <property name="socksNonProxyHosts" value="local|*.local|169.254/16|*.169.254/16"/>
    <property name="java.class.version" value="67.0"/>
  </properties>
  <testcase name="Filter by english language" classname="Wikipedia Filter Language Homepage Functionality" time="2.411">
    <system-out><![CDATA[
@FilterLanguage @RegressionTest @filter
Scenario: Filter by english language                  &amp#27;[90m# src/test/resources/features/FilterLanguage.feature:9&amp#27;[0m
  &amp#27;[32mGiven &amp#27;[0m&amp#27;[32mI open browser&amp#27;[0m                                &amp#27;[90m# com.example.app.stepdefs.CommonUISteps.iOpenBrowser()&amp#27;[0m
  &amp#27;[32mAnd &amp#27;[0m&amp#27;[32mnavigate to application&amp#27;[0m                         &amp#27;[90m# com.example.app.stepdefs.CommonUISteps.navigateToApplication()&amp#27;[0m
  &amp#27;[32mAnd &amp#27;[0m&amp#27;[32mI am on &amp#27;[0m&amp#27;[32m&amp#27;[1m"Home"&amp#27;[0m&amp#27;[32m page&amp#27;[0m                             &amp#27;[90m# com.example.app.stepdefs.CommonUISteps.i_am_on_page(java.lang.String)&amp#27;[0m
  &amp#27;[32mAnd &amp#27;[0m&amp#27;[32mthe title is &amp#27;[0m&amp#27;[32m&amp#27;[1m"Wikipedia"&amp#27;[0m                        &amp#27;[90m# com.example.app.stepdefs.CommonUISteps.theTitleIs(java.lang.String)&amp#27;[0m
  &amp#27;[32mWhen &amp#27;[0m&amp#27;[32mI choose &amp#27;[0m&amp#27;[32m&amp#27;[1m"ENGVersion"&amp#27;[0m&amp#27;[32m article in the Home page&amp#27;[0m &amp#27;[90m# com.example.app.stepdefs.FilterLanguageSteps.i_choose_article_in_the_home_page(java.lang.String)&amp#27;[0m
  &amp#27;[32mThen &amp#27;[0m&amp#27;[32mI am on &amp#27;[0m&amp#27;[32m&amp#27;[1m"EnglishVersion"&amp#27;[0m&amp#27;[32m page&amp#27;[0m                  &amp#27;[90m# com.example.app.stepdefs.CommonUISteps.i_am_on_page(java.lang.String)&amp#27;[0m
  &amp#27;[32mAnd &amp#27;[0m&amp#27;[32mtext of &amp#27;[0m&amp#27;[32m&amp#27;[1m"header"&amp#27;[0m&amp#27;[32m is &amp#27;[0m&amp#27;[32m&amp#27;[1m"Welcome to Wikipedia"&amp#27;[0m      &amp#27;[90m# com.example.app.stepdefs.CommonUISteps.textOfFieldIs(java.lang.String,java.lang.String)&amp#27;[0m

    Embedding screenshot [image/png 1200579 bytes]

  &amp#27;[32mAnd &amp#27;[0m&amp#27;[32mI take screenshot&amp#27;[0m                               &amp#27;[90m# com.example.app.stepdefs.CommonUISteps.iTakeScreenshot()&amp#27;[0m
]]></system-out>
    <system-err><![CDATA[Mar 08, 2025 12:33:13 AM com.example.app.stepdefs.Hooks beforeAll
INFO: ===== TEST EXECUTION STARTED =====
Mar 08, 2025 12:33:13 AM com.example.app.stepdefs.Hooks before
INFO: Starting Scenario: Filter by english language
SLF4J(W): No SLF4J providers were found.
SLF4J(W): Defaulting to no-operation (NOP) logger implementation
SLF4J(W): See https://www.slf4j.org/codes.html#noProviders for further details.
Mar 08, 2025 12:33:14 AM org.openqa.selenium.devtools.CdpVersionFinder findNearestMatch
WARNING: Unable to find an exact match for CDP version 134, returning the closest version; found: 133; Please update to a Selenium version that supports CDP version 134
Mar 08, 2025 12:33:15 AM com.example.app.stepdefs.Hooks after
INFO: Scenario Passed: Filter by english language
Mar 08, 2025 12:33:15 AM com.example.app.stepdefs.Hooks after
INFO: ===== TEST EXECUTION FINISHED =====
]]></system-err>
  </testcase>
  <testcase name="Search for a existing term" classname="Wikipedia Search Functionality" time="2.708">
    <system-out><![CDATA[
@Search @RegressionTest @tag1
Scenario: Search for a existing term                    &amp#27;[90m# src/test/resources/features/Search.feature:9&amp#27;[0m
  &amp#27;[32mGiven &amp#27;[0m&amp#27;[32mI open browser&amp#27;[0m                                  &amp#27;[90m# com.example.app.stepdefs.CommonUISteps.iOpenBrowser()&amp#27;[0m
  &amp#27;[32mAnd &amp#27;[0m&amp#27;[32mnavigate to application&amp#27;[0m                           &amp#27;[90m# com.example.app.stepdefs.CommonUISteps.navigateToApplication()&amp#27;[0m
  &amp#27;[32mAnd &amp#27;[0m&amp#27;[32mI am on &amp#27;[0m&amp#27;[32m&amp#27;[1m"Home"&amp#27;[0m&amp#27;[32m page&amp#27;[0m                               &amp#27;[90m# com.example.app.stepdefs.CommonUISteps.i_am_on_page(java.lang.String)&amp#27;[0m
  &amp#27;[32mAnd &amp#27;[0m&amp#27;[32mthe title is &amp#27;[0m&amp#27;[32m&amp#27;[1m"Wikipedia"&amp#27;[0m                          &amp#27;[90m# com.example.app.stepdefs.CommonUISteps.theTitleIs(java.lang.String)&amp#27;[0m
  &amp#27;[32mWhen &amp#27;[0m&amp#27;[32mI enter &amp#27;[0m&amp#27;[32m&amp#27;[1m"Selenium"&amp#27;[0m&amp#27;[32m in the &amp#27;[0m&amp#27;[32m&amp#27;[1m"searchTextBox"&amp#27;[0m        &amp#27;[90m# com.example.app.stepdefs.CommonUISteps.iEnterInThe(java.lang.String,java.lang.String)&amp#27;[0m
  &amp#27;[32mAnd &amp#27;[0m&amp#27;[32mI select &amp#27;[0m&amp#27;[32m&amp#27;[1m"English"&amp#27;[0m&amp#27;[32m from dropdown &amp#27;[0m&amp#27;[32m&amp#27;[1m"searchLanguage"&amp#27;[0m &amp#27;[90m# com.example.app.stepdefs.CommonUISteps.iSelectTextFromDropDown(java.lang.String,java.lang.String)&amp#27;[0m
  &amp#27;[32mAnd &amp#27;[0m&amp#27;[32mI click on &amp#27;[0m&amp#27;[32m&amp#27;[1m"searchButton"&amp#27;[0m                         &amp#27;[90m# com.example.app.stepdefs.CommonUISteps.iClickOn(java.lang.String)&amp#27;[0m
  &amp#27;[32mThen &amp#27;[0m&amp#27;[32mI am on &amp#27;[0m&amp#27;[32m&amp#27;[1m"Content"&amp#27;[0m&amp#27;[32m page&amp#27;[0m                           &amp#27;[90m# com.example.app.stepdefs.CommonUISteps.i_am_on_page(java.lang.String)&amp#27;[0m
  &amp#27;[32mAnd &amp#27;[0m&amp#27;[32mtext of &amp#27;[0m&amp#27;[32m&amp#27;[1m"header"&amp#27;[0m&amp#27;[32m is &amp#27;[0m&amp#27;[32m&amp#27;[1m"Selenium"&amp#27;[0m                    &amp#27;[90m# com.example.app.stepdefs.CommonUISteps.textOfFieldIs(java.lang.String,java.lang.String)&amp#27;[0m

    Embedding screenshot [image/png 915610 bytes]

  &amp#27;[32mAnd &amp#27;[0m&amp#27;[32mI take screenshot&amp#27;[0m                                 &amp#27;[90m# com.example.app.stepdefs.CommonUISteps.iTakeScreenshot()&amp#27;[0m
]]></system-out>
    <system-err><![CDATA[Mar 08, 2025 12:33:15 AM com.example.app.stepdefs.Hooks before
INFO: Starting Scenario: Search for a existing term
Mar 08, 2025 12:33:16 AM org.openqa.selenium.devtools.CdpVersionFinder findNearestMatch
WARNING: Unable to find an exact match for CDP version 134, returning the closest version; found: 133; Please update to a Selenium version that supports CDP version 134
Mar 08, 2025 12:33:18 AM com.example.app.stepdefs.Hooks after
INFO: Scenario Passed: Search for a existing term
Mar 08, 2025 12:33:18 AM com.example.app.stepdefs.Hooks after
INFO: ===== TEST EXECUTION FINISHED =====
]]></system-err>
  </testcase>
  <testcase name="Search for a non-existing term" classname="Wikipedia Search Functionality" time="3.307">
    <system-out><![CDATA[
@Search @RegressionTest @tag2
Scenario: Search for a non-existing term                                              &amp#27;[90m# src/test/resources/features/Search.feature:20&amp#27;[0m
  &amp#27;[32mGiven &amp#27;[0m&amp#27;[32mI open browser&amp#27;[0m                                                                &amp#27;[90m# com.example.app.stepdefs.CommonUISteps.iOpenBrowser()&amp#27;[0m
  &amp#27;[32mAnd &amp#27;[0m&amp#27;[32mnavigate to application&amp#27;[0m                                                         &amp#27;[90m# com.example.app.stepdefs.CommonUISteps.navigateToApplication()&amp#27;[0m
  &amp#27;[32mAnd &amp#27;[0m&amp#27;[32mI am on &amp#27;[0m&amp#27;[32m&amp#27;[1m"Home"&amp#27;[0m&amp#27;[32m page&amp#27;[0m                                                             &amp#27;[90m# com.example.app.stepdefs.CommonUISteps.i_am_on_page(java.lang.String)&amp#27;[0m
  &amp#27;[32mAnd &amp#27;[0m&amp#27;[32mthe title is &amp#27;[0m&amp#27;[32m&amp#27;[1m"Wikipedia"&amp#27;[0m                                                        &amp#27;[90m# com.example.app.stepdefs.CommonUISteps.theTitleIs(java.lang.String)&amp#27;[0m
  &amp#27;[32mWhen &amp#27;[0m&amp#27;[32mI enter &amp#27;[0m&amp#27;[32m&amp#27;[1m"abcxyz123"&amp#27;[0m&amp#27;[32m in the &amp#27;[0m&amp#27;[32m&amp#27;[1m"searchTextBox"&amp#27;[0m                                     &amp#27;[90m# com.example.app.stepdefs.CommonUISteps.iEnterInThe(java.lang.String,java.lang.String)&amp#27;[0m
  &amp#27;[32mAnd &amp#27;[0m&amp#27;[32mI select &amp#27;[0m&amp#27;[32m&amp#27;[1m"Bahasa Indonesia"&amp#27;[0m&amp#27;[32m from dropdown &amp#27;[0m&amp#27;[32m&amp#27;[1m"searchLanguage"&amp#27;[0m                      &amp#27;[90m# com.example.app.stepdefs.CommonUISteps.iSelectTextFromDropDown(java.lang.String,java.lang.String)&amp#27;[0m
  &amp#27;[32mAnd &amp#27;[0m&amp#27;[32mI click on &amp#27;[0m&amp#27;[32m&amp#27;[1m"searchButton"&amp#27;[0m                                                       &amp#27;[90m# com.example.app.stepdefs.CommonUISteps.iClickOn(java.lang.String)&amp#27;[0m
  &amp#27;[32mThen &amp#27;[0m&amp#27;[32mI am on &amp#27;[0m&amp#27;[32m&amp#27;[1m"SearchResults"&amp#27;[0m&amp#27;[32m page&amp#27;[0m                                                   &amp#27;[90m# com.example.app.stepdefs.CommonUISteps.i_am_on_page(java.lang.String)&amp#27;[0m
  &amp#27;[32mAnd &amp#27;[0m&amp#27;[32mtext of &amp#27;[0m&amp#27;[32m&amp#27;[1m"searchResults"&amp#27;[0m&amp#27;[32m contains &amp#27;[0m&amp#27;[32m&amp#27;[1m"Tidak ada hasil yang sesuai dengan kriteria."&amp#27;[0m &amp#27;[90m# com.example.app.stepdefs.CommonUISteps.textOfContains(java.lang.String,java.lang.String)&amp#27;[0m

    Embedding screenshot [image/png 182065 bytes]

  &amp#27;[32mAnd &amp#27;[0m&amp#27;[32mI take screenshot&amp#27;[0m                                                               &amp#27;[90m# com.example.app.stepdefs.CommonUISteps.iTakeScreenshot()&amp#27;[0m
]]></system-out>
    <system-err><![CDATA[Mar 08, 2025 12:33:18 AM com.example.app.stepdefs.Hooks before
INFO: Starting Scenario: Search for a non-existing term
Mar 08, 2025 12:33:18 AM org.openqa.selenium.devtools.CdpVersionFinder findNearestMatch
WARNING: Unable to find an exact match for CDP version 134, returning the closest version; found: 133; Please update to a Selenium version that supports CDP version 134
Mar 08, 2025 12:33:21 AM com.example.app.stepdefs.Hooks after
INFO: Scenario Passed: Search for a non-existing term
Mar 08, 2025 12:33:21 AM com.example.app.stepdefs.Hooks after
INFO: ===== TEST EXECUTION FINISHED =====
]]></system-err>
  </testcase>
  <testcase name="Search for a generic term" classname="Wikipedia Search Functionality" time="3.191">
    <system-out><![CDATA[
@Search @RegressionTest @tag3
Scenario: Search for a generic term                              &amp#27;[90m# src/test/resources/features/Search.feature:31&amp#27;[0m
  &amp#27;[32mGiven &amp#27;[0m&amp#27;[32mI open browser&amp#27;[0m                                           &amp#27;[90m# com.example.app.stepdefs.CommonUISteps.iOpenBrowser()&amp#27;[0m
  &amp#27;[32mAnd &amp#27;[0m&amp#27;[32mnavigate to application&amp#27;[0m                                    &amp#27;[90m# com.example.app.stepdefs.CommonUISteps.navigateToApplication()&amp#27;[0m
  &amp#27;[32mAnd &amp#27;[0m&amp#27;[32mI am on &amp#27;[0m&amp#27;[32m&amp#27;[1m"Home"&amp#27;[0m&amp#27;[32m page&amp#27;[0m                                        &amp#27;[90m# com.example.app.stepdefs.CommonUISteps.i_am_on_page(java.lang.String)&amp#27;[0m
  &amp#27;[32mAnd &amp#27;[0m&amp#27;[32mthe title is &amp#27;[0m&amp#27;[32m&amp#27;[1m"Wikipedia"&amp#27;[0m                                   &amp#27;[90m# com.example.app.stepdefs.CommonUISteps.theTitleIs(java.lang.String)&amp#27;[0m
  &amp#27;[32mWhen &amp#27;[0m&amp#27;[32mI enter &amp#27;[0m&amp#27;[32m&amp#27;[1m"uncommon word"&amp#27;[0m&amp#27;[32m in the &amp#27;[0m&amp#27;[32m&amp#27;[1m"searchTextBox"&amp#27;[0m            &amp#27;[90m# com.example.app.stepdefs.CommonUISteps.iEnterInThe(java.lang.String,java.lang.String)&amp#27;[0m
  &amp#27;[32mAnd &amp#27;[0m&amp#27;[32mI select &amp#27;[0m&amp#27;[32m&amp#27;[1m"Bahasa Indonesia"&amp#27;[0m&amp#27;[32m from dropdown &amp#27;[0m&amp#27;[32m&amp#27;[1m"searchLanguage"&amp#27;[0m &amp#27;[90m# com.example.app.stepdefs.CommonUISteps.iSelectTextFromDropDown(java.lang.String,java.lang.String)&amp#27;[0m
  &amp#27;[32mAnd &amp#27;[0m&amp#27;[32mI click on &amp#27;[0m&amp#27;[32m&amp#27;[1m"searchButton"&amp#27;[0m                                  &amp#27;[90m# com.example.app.stepdefs.CommonUISteps.iClickOn(java.lang.String)&amp#27;[0m
  &amp#27;[32mThen &amp#27;[0m&amp#27;[32mI am on &amp#27;[0m&amp#27;[32m&amp#27;[1m"SearchResults"&amp#27;[0m&amp#27;[32m page&amp#27;[0m                              &amp#27;[90m# com.example.app.stepdefs.CommonUISteps.i_am_on_page(java.lang.String)&amp#27;[0m
  &amp#27;[32mAnd &amp#27;[0m&amp#27;[32mtext of &amp#27;[0m&amp#27;[32m&amp#27;[1m"totalResults"&amp#27;[0m&amp#27;[32m is &amp#27;[0m&amp#27;[32m&amp#27;[1m"3"&amp#27;[0m                              &amp#27;[90m# com.example.app.stepdefs.CommonUISteps.textOfFieldIs(java.lang.String,java.lang.String)&amp#27;[0m

    Embedding screenshot [image/png 587621 bytes]

  &amp#27;[32mAnd &amp#27;[0m&amp#27;[32mI take screenshot&amp#27;[0m                                          &amp#27;[90m# com.example.app.stepdefs.CommonUISteps.iTakeScreenshot()&amp#27;[0m
]]></system-out>
    <system-err><![CDATA[Mar 08, 2025 12:33:21 AM com.example.app.stepdefs.Hooks before
INFO: Starting Scenario: Search for a generic term
Mar 08, 2025 12:33:22 AM org.openqa.selenium.devtools.CdpVersionFinder findNearestMatch
WARNING: Unable to find an exact match for CDP version 134, returning the closest version; found: 133; Please update to a Selenium version that supports CDP version 134
Mar 08, 2025 12:33:24 AM com.example.app.stepdefs.Hooks after
INFO: Scenario Passed: Search for a generic term
Mar 08, 2025 12:33:24 AM com.example.app.stepdefs.Hooks after
INFO: ===== TEST EXECUTION FINISHED =====
]]></system-err>
  </testcase>
</testsuite>